2022-12-29 02:54:43 DEBUG TelegramBot:32 - Message(messageId=4, messageThreadId=null, from=User(id=2097027372, firstName=Denis, isBot=false, lastName=P, userName=DenisPikuza, languageCode=en, canJoinGroups=null, canReadAllGroupMessages=null, supportInlineQueries=null, isPremium=null, addedToAttachmentMenu=null), date=1672271569, chat=Chat(id=2097027372, type=private, title=null, firstName=Denis, lastName=P, userName=DenisPikuza, photo=null, description=null, inviteLink=null, pinnedMessage=null, stickerSetName=null, canSetStickerSet=null, permissions=null, slowModeDelay=null, bio=null, linkedChatId=null, location=null, messageAutoDeleteTime=null, hasPrivateForwards=null, HasProtectedContent=null, joinToSendMessages=null, joinByRequest=null, hasRestrictedVoiceAndVideoMessages=null, isForum=null, activeUsernames=null, emojiStatusCustomEmojiId=null), forwardFrom=null, forwardFromChat=null, forwardDate=null, text=dgfghhjk, entities=null, captionEntities=null, audio=null, document=null, photo=null, sticker=null, video=null, contact=null, location=null, venue=null, animation=null, pinnedMessage=null, newChatMembers=[], leftChatMember=null, newChatTitle=null, newChatPhoto=null, deleteChatPhoto=null, groupchatCreated=null, replyToMessage=null, voice=null, caption=null, superGroupCreated=null, channelChatCreated=null, migrateToChatId=null, migrateFromChatId=null, editDate=null, game=null, forwardFromMessageId=null, invoice=null, successfulPayment=null, videoNote=null, authorSignature=null, forwardSignature=null, mediaGroupId=null, connectedWebsite=null, passportData=null, forwardSenderName=null, poll=null, replyMarkup=null, dice=null, viaBot=null, senderChat=null, proximityAlertTriggered=null, messageAutoDeleteTimerChanged=null, isAutomaticForward=null, hasProtectedContent=null, webAppData=null, videoChatStarted=null, videoChatEnded=null, videoChatParticipantsInvited=null, videoChatScheduled=null, isTopicMessage=null, forumTopicCreated=null, forumTopicClosed=null, forumTopicReopened=null)
2022-12-29 02:55:28 DEBUG TelegramBot:32 - dfgds
2022-12-29 03:01:13 DEBUG TelegramBot:35 - dfghfgj
2022-12-29 03:29:53 DEBUG UpdateProducerImpl:13 - fghjkgkg
2022-12-29 03:30:03 ERROR UpdateController:38 - Unsupported message type is received: Update(updateId=479335990, message=null, inlineQuery=null, chosenInlineQuery=null, callbackQuery=null, editedMessage=Message(messageId=8, messageThreadId=null, from=User(id=2097027372, firstName=Denis, isBot=false, lastName=P, userName=DenisPikuza, languageCode=en, canJoinGroups=null, canReadAllGroupMessages=null, supportInlineQueries=null, isPremium=null, addedToAttachmentMenu=null), date=1672273679, chat=Chat(id=2097027372, type=private, title=null, firstName=Denis, lastName=P, userName=DenisPikuza, photo=null, description=null, inviteLink=null, pinnedMessage=null, stickerSetName=null, canSetStickerSet=null, permissions=null, slowModeDelay=null, bio=null, linkedChatId=null, location=null, messageAutoDeleteTime=null, hasPrivateForwards=null, HasProtectedContent=null, joinToSendMessages=null, joinByRequest=null, hasRestrictedVoiceAndVideoMessages=null, isForum=null, activeUsernames=null, emojiStatusCustomEmojiId=null), forwardFrom=null, forwardFromChat=null, forwardDate=null, text=fghjkgkgdfgdgfd, entities=null, captionEntities=null, audio=null, document=null, photo=null, sticker=null, video=null, contact=null, location=null, venue=null, animation=null, pinnedMessage=null, newChatMembers=[], leftChatMember=null, newChatTitle=null, newChatPhoto=null, deleteChatPhoto=null, groupchatCreated=null, replyToMessage=null, voice=null, caption=null, superGroupCreated=null, channelChatCreated=null, migrateToChatId=null, migrateFromChatId=null, editDate=1672273689, game=null, forwardFromMessageId=null, invoice=null, successfulPayment=null, videoNote=null, authorSignature=null, forwardSignature=null, mediaGroupId=null, connectedWebsite=null, passportData=null, forwardSenderName=null, poll=null, replyMarkup=null, dice=null, viaBot=null, senderChat=null, proximityAlertTriggered=null, messageAutoDeleteTimerChanged=null, isAutomaticForward=null, hasProtectedContent=null, webAppData=null, videoChatStarted=null, videoChatEnded=null, videoChatParticipantsInvited=null, videoChatScheduled=null, isTopicMessage=null, forumTopicCreated=null, forumTopicClosed=null, forumTopicReopened=null), channelPost=null, editedChannelPost=null, shippingQuery=null, preCheckoutQuery=null, poll=null, pollAnswer=null, myChatMember=null, chatMember=null, chatJoinRequest=null)
2022-12-29 03:31:08 DEBUG UpdateProducerImpl:13 - 
2022-12-29 04:06:13 DEBUG UpdateProducerImpl:20 - jhnmn
2022-12-29 04:06:28 DEBUG UpdateProducerImpl:20 - 
2022-12-29 04:42:53 DEBUG UpdateProducerImpl:20 - jergdg
2022-12-29 05:43:34 DEBUG UpdateProducerImpl:20 - ghndtm
2022-12-29 06:04:59 DEBUG UpdateProducerImpl:20 - ghjk
2022-12-29 06:15:27 DEBUG UpdateProducerImpl:20 - yukkj
2022-12-30 00:18:55 DEBUG UpdateProducerImpl:20 - privet
2022-12-30 01:04:26 DEBUG UpdateProducerImpl:20 - privet
2022-12-30 01:12:32 DEBUG UpdateProducerImpl:20 - /start
2022-12-30 01:12:38 DEBUG UpdateProducerImpl:20 - Привет
2022-12-31 00:56:22 DEBUG UpdateProducerImpl:20 - dfhjg
2022-12-31 02:10:30 DEBUG UpdateProducerImpl:20 - /start
2022-12-31 02:11:03 DEBUG UpdateProducerImpl:20 - /help
2022-12-31 02:11:15 DEBUG UpdateProducerImpl:20 - /registration
2022-12-31 02:11:21 DEBUG UpdateProducerImpl:20 - /cancel
2022-12-31 02:11:27 DEBUG UpdateProducerImpl:20 - /help
2022-12-31 02:11:52 DEBUG UpdateProducerImpl:20 - /sdfsf
2022-12-31 02:11:56 DEBUG UpdateProducerImpl:20 - /help
2022-12-31 02:11:58 DEBUG UpdateProducerImpl:20 - sdfsdf
2022-12-31 02:12:29 DEBUG UpdateProducerImpl:20 - 
2022-12-31 02:13:10 DEBUG UpdateProducerImpl:20 - 
2022-12-31 14:38:13 DEBUG UpdateProducerImpl:20 - пропо
2022-12-31 14:38:17 DEBUG UpdateProducerImpl:20 - /help
2022-12-31 14:38:34 DEBUG UpdateProducerImpl:20 - /cancel
2022-12-31 14:38:38 DEBUG UpdateProducerImpl:20 - /registration
2022-12-31 14:39:57 DEBUG UpdateProducerImpl:20 - Пролог
2022-12-31 14:40:00 DEBUG UpdateProducerImpl:20 - /help
2022-12-31 14:40:02 DEBUG UpdateProducerImpl:20 - /registration
2022-12-31 14:40:08 DEBUG UpdateProducerImpl:20 - /cancel
2022-12-31 14:40:11 DEBUG UpdateProducerImpl:20 - /help
2022-12-31 14:40:17 DEBUG UpdateProducerImpl:20 - 
2022-12-31 14:41:43 DEBUG UpdateProducerImpl:20 - /start
2022-12-31 14:41:50 DEBUG UpdateProducerImpl:20 - /start
2022-12-31 14:41:51 DEBUG UpdateProducerImpl:20 - /start
2022-12-31 14:42:00 DEBUG UpdateProducerImpl:20 - Привет
2022-12-31 14:42:04 DEBUG UpdateProducerImpl:20 - /help
2022-12-31 14:42:38 DEBUG UpdateProducerImpl:20 - 
2022-12-31 15:26:04 DEBUG UpdateProducerImpl:20 - /registration
2022-12-31 15:26:06 DEBUG UpdateProducerImpl:20 - /help
2022-12-31 15:26:08 DEBUG UpdateProducerImpl:20 - /cancel
2022-12-31 15:26:14 DEBUG UpdateProducerImpl:20 - /help
2022-12-31 15:26:20 DEBUG UpdateProducerImpl:20 - /registration
2022-12-31 15:26:41 DEBUG UpdateProducerImpl:20 - длодо
2023-01-06 01:36:39 DEBUG UpdateProducerImpl:20 - ситпролр
2023-01-06 01:36:42 DEBUG UpdateProducerImpl:20 - /help
2023-01-06 01:36:44 DEBUG UpdateProducerImpl:20 - /registration
2023-01-06 01:36:49 DEBUG UpdateProducerImpl:20 - /help
2023-01-06 01:36:51 DEBUG UpdateProducerImpl:20 - /cancel
2023-01-06 01:36:54 DEBUG UpdateProducerImpl:20 - /help
2023-01-06 01:38:12 DEBUG UpdateProducerImpl:20 - 
2023-01-07 04:33:07 DEBUG UpdateProducerImpl:20 - fgbhfg
2023-01-07 04:33:10 DEBUG UpdateProducerImpl:20 - /help
2023-01-07 04:33:11 DEBUG UpdateProducerImpl:20 - /help
2023-01-07 04:33:20 DEBUG UpdateProducerImpl:20 - /cancel
2023-01-07 04:33:22 DEBUG UpdateProducerImpl:20 - /registration
2023-01-07 04:33:42 DEBUG UpdateProducerImpl:20 - 
2023-01-07 05:03:06 DEBUG UpdateProducerImpl:20 - /help
2023-01-08 23:54:19 DEBUG UpdateProducerImpl:20 - 
2023-01-10 03:07:14 DEBUG UpdateProducerImpl:20 - 
2023-01-10 03:07:59 DEBUG UpdateProducerImpl:20 - 
2023-01-10 03:08:51 DEBUG UpdateProducerImpl:20 - 
2023-01-10 03:19:42 DEBUG UpdateProducerImpl:20 - /help
2023-01-10 03:19:42 DEBUG UpdateProducerImpl:20 - /help
2023-01-10 03:19:42 DEBUG UpdateProducerImpl:20 - /cancel
2023-01-10 03:19:42 DEBUG UpdateProducerImpl:20 - /cancel
